<?xml version="1.0" encoding="UTF-8" ?>
<testsuite failures="0" time="0.741" errors="0" skipped="0" tests="17" name="TestSuite">
  <properties>
[...]
</properties>
  <testcase time="0.005" classname="interview.numberListHelperTest" name="sumTest3numbers"/>
  <testcase time="0" classname="interview.numberListHelperTest" name="sumTest3numbers"/>
  <testcase time="0" classname="interview.numberListHelperTest" name="sumTest3numbers"/>
  <testcase time="0" classname="interview.numberListHelperTest" name="sumTest4numbers"/>
  <testcase time="0.001" classname="interview.numberListHelperTest" name="sumTest4numbers"/>
  <testcase time="0" classname="interview.numberListHelperTest" name="sumTest4numbers"/>
  <testcase time="0" classname="interview.numberListHelperTest" name="maxTest3numbers"/>
  <testcase time="0.001" classname="interview.numberListHelperTest" name="maxTest3numbers"/>
  <testcase time="0" classname="interview.numberListHelperTest" name="maxTest3numbers"/>
  <testcase time="0" classname="interview.numberListHelperTest" name="maxTest3numbers"/>
  <testcase time="0" classname="interview.numberListHelperTest" name="maxTest3numbers"/>
  <testcase time="0" classname="interview.numberListHelperTest" name="maxTest4numbers"/>
  <testcase time="0" classname="interview.numberListHelperTest" name="maxTest4numbers"/>
  <testcase time="0.001" classname="interview.numberListHelperTest" name="maxTest4numbers"/>
  <testcase time="0" classname="interview.numberListHelperTest" name="maxTest4numbers"/>
  <testcase time="0" classname="interview.numberListHelperTest" name="maxTest4numbers"/>
  <testcase time="0" classname="interview.numberListHelperTest" name="maxTest4numbers"/>
</testsuite>