<?xml version="1.0" encoding="UTF-8"?>
<testng-results skipped="0" failed="0" total="3" passed="3">
  <reporter-output>
  </reporter-output>
  <suite name="Default suite" duration-ms="364" started-at="2016-09-30T12:19:43Z" finished-at="2016-09-30T12:19:43Z">
    <groups>
    </groups>
    <test name="Default test" duration-ms="364" started-at="2016-09-30T12:19:43Z" finished-at="2016-09-30T12:19:43Z">
      <class name="interview.NumberListHelperTest">
        <test-method status="PASS" signature="sumTest4numbers(java.lang.String, java.lang.String, java.lang.String, java.lang.String, java.lang.String)[pri:50, instance:interview.NumberListHelperTest@d1a5338]" name="sumTest4numbers" duration-ms="32" started-at="2016-09-30T19:19:43Z" data-provider="sumFunctionTestWith4Numbers" finished-at="2016-09-30T19:19:43Z">
          <params>
            <param index="0">
              <value>
                <![CDATA[1.23]]>
              </value>
            </param>
            <param index="1">
              <value>
                <![CDATA[2.33]]>
              </value>
            </param>
            <param index="2">
              <value>
                <![CDATA[-7.02]]>
              </value>
            </param>
            <param index="3">
              <value>
                <![CDATA[3.46]]>
              </value>
            </param>
            <param index="4">
              <value>
                <![CDATA[0]]>
              </value>
            </param>
          </params>
          <reporter-output>
          </reporter-output>
        </test-method> <!-- sumTest4numbers -->
        <test-method status="PASS" signature="sumTest4numbers(java.lang.String, java.lang.String, java.lang.String, java.lang.String, java.lang.String)[pri:50, instance:interview.NumberListHelperTest@d1a5338]" name="sumTest4numbers" duration-ms="15" started-at="2016-09-30T19:19:43Z" data-provider="sumFunctionTestWith4Numbers" finished-at="2016-09-30T19:19:43Z">
          <params>
            <param index="0">
              <value>
                <![CDATA[2.367]]>
              </value>
            </param>
            <param index="1">
              <value>
                <![CDATA[3.00987]]>
              </value>
            </param>
            <param index="2">
              <value>
                <![CDATA[-6.5567]]>
              </value>
            </param>
            <param index="3">
              <value>
                <![CDATA[-2.66987]]>
              </value>
            </param>
            <param index="4">
              <value>
                <![CDATA[-3.8497]]>
              </value>
            </param>
          </params>
          <reporter-output>
          </reporter-output>
        </test-method> <!-- sumTest4numbers -->
        <test-method status="PASS" signature="sumTest4numbers(java.lang.String, java.lang.String, java.lang.String, java.lang.String, java.lang.String)[pri:50, instance:interview.NumberListHelperTest@d1a5338]" name="sumTest4numbers" duration-ms="0" started-at="2016-09-30T19:19:43Z" data-provider="sumFunctionTestWith4Numbers" finished-at="2016-09-30T19:19:43Z">
          <params>
            <param index="0">
              <value>
                <![CDATA[33.87]]>
              </value>
            </param>
            <param index="1">
              <value>
                <![CDATA[-467.678]]>
              </value>
            </param>
            <param index="2">
              <value>
                <![CDATA[47.23]]>
              </value>
            </param>
            <param index="3">
              <value>
                <![CDATA[501.35]]>
              </value>
            </param>
            <param index="4">
              <value>
                <![CDATA[114.772]]>
              </value>
            </param>
          </params>
          <reporter-output>
          </reporter-output>
        </test-method> <!-- sumTest4numbers -->
      </class> <!-- interview.NumberListHelperTest -->
    </test> <!-- Default test -->
  </suite> <!-- Default suite -->
</testng-results>
