<?xml version="1.0" encoding="UTF-8"?>
<!-- Generated by org.testng.reporters.JUnitXMLReporter -->
<testsuite hostname="Adminpc" name="Test sum and max functions" tests="17" failures="0" timestamp="30 Sep 2016 12:20:02 GMT" time="0.312" errors="0">
  <testcase name="sumTest3numbers" time="0.0" classname="interview.NumberListHelperTest"/>
  <testcase name="sumTest3numbers" time="0.0" classname="interview.NumberListHelperTest"/>
  <testcase name="sumTest3numbers" time="0.0" classname="interview.NumberListHelperTest"/>
  <testcase name="sumTest4numbers" time="0.0" classname="interview.NumberListHelperTest"/>
  <testcase name="sumTest4numbers" time="0.0" classname="interview.NumberListHelperTest"/>
  <testcase name="sumTest4numbers" time="0.0" classname="interview.NumberListHelperTest"/>
  <testcase name="maxTest3numbers" time="0.015" classname="interview.NumberListHelperTest"/>
  <testcase name="maxTest3numbers" time="0.0" classname="interview.NumberListHelperTest"/>
  <testcase name="maxTest3numbers" time="0.0" classname="interview.NumberListHelperTest"/>
  <testcase name="maxTest3numbers" time="0.0" classname="interview.NumberListHelperTest"/>
  <testcase name="maxTest3numbers" time="0.0" classname="interview.NumberListHelperTest"/>
  <testcase name="maxTest4numbers" time="0.0" classname="interview.NumberListHelperTest"/>
  <testcase name="maxTest4numbers" time="0.0" classname="interview.NumberListHelperTest"/>
  <testcase name="maxTest4numbers" time="0.0" classname="interview.NumberListHelperTest"/>
  <testcase name="maxTest4numbers" time="0.0" classname="interview.NumberListHelperTest"/>
  <testcase name="maxTest4numbers" time="0.0" classname="interview.NumberListHelperTest"/>
  <testcase name="maxTest4numbers" time="0.0" classname="interview.NumberListHelperTest"/>
</testsuite> <!-- Test sum and max functions -->
