<?xml version="1.0" encoding="UTF-8"?>
<!-- Generated by org.testng.reporters.JUnitXMLReporter -->
<testsuite hostname="Adminpc" name="Test sum and max functions" tests="17" failures="0" timestamp="28 Sep 2016 17:06:52 GMT" time="0.309" errors="0">
  <testcase name="sumTest3numbers" time="0.006" classname="interview.numberListHelperTest"/>
  <testcase name="sumTest3numbers" time="0.0" classname="interview.numberListHelperTest"/>
  <testcase name="sumTest3numbers" time="0.0" classname="interview.numberListHelperTest"/>
  <testcase name="sumTest4numbers" time="0.0" classname="interview.numberListHelperTest"/>
  <testcase name="sumTest4numbers" time="0.0" classname="interview.numberListHelperTest"/>
  <testcase name="sumTest4numbers" time="0.0" classname="interview.numberListHelperTest"/>
  <testcase name="maxTest3numbers" time="0.0" classname="interview.numberListHelperTest"/>
  <testcase name="maxTest3numbers" time="0.0" classname="interview.numberListHelperTest"/>
  <testcase name="maxTest3numbers" time="0.0" classname="interview.numberListHelperTest"/>
  <testcase name="maxTest3numbers" time="0.0" classname="interview.numberListHelperTest"/>
  <testcase name="maxTest3numbers" time="0.0" classname="interview.numberListHelperTest"/>
  <testcase name="maxTest4numbers" time="0.0" classname="interview.numberListHelperTest"/>
  <testcase name="maxTest4numbers" time="0.0" classname="interview.numberListHelperTest"/>
  <testcase name="maxTest4numbers" time="0.0" classname="interview.numberListHelperTest"/>
  <testcase name="maxTest4numbers" time="0.0" classname="interview.numberListHelperTest"/>
  <testcase name="maxTest4numbers" time="0.0" classname="interview.numberListHelperTest"/>
  <testcase name="maxTest4numbers" time="0.0" classname="interview.numberListHelperTest"/>
</testsuite> <!-- Test sum and max functions -->
